<?xml version="1.0" encoding="UTF-8"?>
<testng-results ignored="0" total="3" passed="2" failed="1" skipped="0">
  <reporter-output>
  </reporter-output>
  <suite started-at="2023-02-25T10:31:45Z" name="Default suite" finished-at="2023-02-25T10:32:42Z" duration-ms="56667">
    <groups>
      <group name="cucumber">
        <method signature="AbstractTestNGCucumberTests.runScenario(io.cucumber.testng.PickleWrapper, io.cucumber.testng.FeatureWrapper)[pri:0, instance:com.TestRunner.MyRunner@5f8e8a9d]" name="runScenario" class="io.cucumber.testng.AbstractTestNGCucumberTests"/>
      </group> <!-- cucumber -->
    </groups>
    <test started-at="2023-02-25T10:31:45Z" name="Default test" finished-at="2023-02-25T10:32:42Z" duration-ms="56667">
      <class name="com.TestRunner.MyRunner">
        <test-method is-config="true" signature="setUpClass()[pri:0, instance:com.TestRunner.MyRunner@5f8e8a9d]" started-at="2023-02-25T10:31:45Z" name="setUpClass" finished-at="2023-02-25T10:31:46Z" duration-ms="528" status="PASS">
          <reporter-output>
          </reporter-output>
        </test-method> <!-- setUpClass -->
        <test-method signature="runScenario(io.cucumber.testng.PickleWrapper, io.cucumber.testng.FeatureWrapper)[pri:0, instance:com.TestRunner.MyRunner@5f8e8a9d]" started-at="2023-02-25T10:31:46Z" name="runScenario" description="Runs Cucumber Scenarios" data-provider="scenarios" finished-at="2023-02-25T10:32:07Z" duration-ms="20724" status="PASS">
          <params>
            <param index="0">
              <value>
                <![CDATA["Create a project and customer"]]>
              </value>
            </param>
            <param index="1">
              <value>
                <![CDATA["Optional[Create a project and Customer]"]]>
              </value>
            </param>
          </params>
          <reporter-output>
          </reporter-output>
        </test-method> <!-- runScenario -->
        <test-method signature="runScenario(io.cucumber.testng.PickleWrapper, io.cucumber.testng.FeatureWrapper)[pri:0, instance:com.TestRunner.MyRunner@5f8e8a9d]" started-at="2023-02-25T10:32:07Z" name="runScenario" description="Runs Cucumber Scenarios" data-provider="scenarios" finished-at="2023-02-25T10:32:26Z" duration-ms="19039" status="FAIL">
          <params>
            <param index="0">
              <value>
                <![CDATA["Add addtional task to the existing project"]]>
              </value>
            </param>
            <param index="1">
              <value>
                <![CDATA["Optional[Create a project and Customer]"]]>
              </value>
            </param>
          </params>
          <exception class="org.openqa.selenium.UnhandledAlertException">
            <message>
              <![CDATA[unexpected alert open: {Alert text : There is an open task with the same name in the selected project. Please re-name this task.}
  (Session info: chrome=110.0.5481.177): There is an open task with the same name in the selected project. Please re-name this task.
Build info: version: '3.141.59', revision: 'e82be7d358', time: '2018-11-14T08:17:03'
System info: host: 'DESKTOP-40IJF3T', ip: '192.168.0.115', os.name: 'Windows 10', os.arch: 'amd64', os.version: '10.0', java.version: '19.0.2'
Driver info: org.openqa.selenium.chrome.ChromeDriver
Capabilities {acceptInsecureCerts: false, browserName: chrome, browserVersion: 110.0.5481.177, chrome: {chromedriverVersion: 110.0.5481.77 (65ed616c6e8e..., userDataDir: C:\Users\Siddesh\AppData\Lo...}, goog:chromeOptions: {debuggerAddress: localhost:63987}, javascriptEnabled: true, networkConnectionEnabled: false, pageLoadStrategy: normal, platform: WINDOWS, platformName: WINDOWS, proxy: Proxy(), setWindowRect: true, strictFileInteractability: false, timeouts: {implicit: 0, pageLoad: 300000, script: 30000}, unhandledPromptBehavior: dismiss and notify, webauthn:extension:credBlob: true, webauthn:extension:largeBlob: true, webauthn:virtualAuthenticators: true}
Session ID: a8097c759f3ff01c3338100b00185cbd
*** Element info: {Using=xpath, value=//a[@id='logoutLink']}]]>
            </message>
            <full-stacktrace>
              <![CDATA[org.openqa.selenium.UnhandledAlertException: unexpected alert open: {Alert text : There is an open task with the same name in the selected project. Please re-name this task.}
  (Session info: chrome=110.0.5481.177): There is an open task with the same name in the selected project. Please re-name this task.
Build info: version: '3.141.59', revision: 'e82be7d358', time: '2018-11-14T08:17:03'
System info: host: 'DESKTOP-40IJF3T', ip: '192.168.0.115', os.name: 'Windows 10', os.arch: 'amd64', os.version: '10.0', java.version: '19.0.2'
Driver info: org.openqa.selenium.chrome.ChromeDriver
Capabilities {acceptInsecureCerts: false, browserName: chrome, browserVersion: 110.0.5481.177, chrome: {chromedriverVersion: 110.0.5481.77 (65ed616c6e8e..., userDataDir: C:\Users\Siddesh\AppData\Lo...}, goog:chromeOptions: {debuggerAddress: localhost:63987}, javascriptEnabled: true, networkConnectionEnabled: false, pageLoadStrategy: normal, platform: WINDOWS, platformName: WINDOWS, proxy: Proxy(), setWindowRect: true, strictFileInteractability: false, timeouts: {implicit: 0, pageLoad: 300000, script: 30000}, unhandledPromptBehavior: dismiss and notify, webauthn:extension:credBlob: true, webauthn:extension:largeBlob: true, webauthn:virtualAuthenticators: true}
Session ID: a8097c759f3ff01c3338100b00185cbd
*** Element info: {Using=xpath, value=//a[@id='logoutLink']}
at org.openqa.selenium.remote.http.W3CHttpResponseCodec.decode(W3CHttpResponseCodec.java:120)
at org.openqa.selenium.remote.http.W3CHttpResponseCodec.decode(W3CHttpResponseCodec.java:49)
at org.openqa.selenium.remote.HttpCommandExecutor.execute(HttpCommandExecutor.java:158)
at org.openqa.selenium.remote.service.DriverCommandExecutor.execute(DriverCommandExecutor.java:83)
at org.openqa.selenium.remote.RemoteWebDriver.execute(RemoteWebDriver.java:552)
at org.openqa.selenium.remote.RemoteWebDriver.findElement(RemoteWebDriver.java:323)
at org.openqa.selenium.remote.RemoteWebDriver.findElementByXPath(RemoteWebDriver.java:428)
at org.openqa.selenium.By$ByXPath.findElement(By.java:353)
at org.openqa.selenium.remote.RemoteWebDriver.findElement(RemoteWebDriver.java:315)
at com.BaseClasses.TaskBase.logout(TaskBase.java:97)
at parallel.TaskSteps.logout_from_the_application(TaskSteps.java:42)
at ✽.logout from the application(file:///C:/Users/Siddesh/git/Jan2023/BDDJan2023/src/test/resources/parallel/Task.feature:17)
]]>
            </full-stacktrace>
          </exception> <!-- org.openqa.selenium.UnhandledAlertException -->
          <reporter-output>
          </reporter-output>
        </test-method> <!-- runScenario -->
        <test-method signature="runScenario(io.cucumber.testng.PickleWrapper, io.cucumber.testng.FeatureWrapper)[pri:0, instance:com.TestRunner.MyRunner@5f8e8a9d]" started-at="2023-02-25T10:32:26Z" name="runScenario" description="Runs Cucumber Scenarios" data-provider="scenarios" finished-at="2023-02-25T10:32:42Z" duration-ms="15979" status="PASS">
          <params>
            <param index="0">
              <value>
                <![CDATA["Delete the tasks"]]>
              </value>
            </param>
            <param index="1">
              <value>
                <![CDATA["Optional[Create a project and Customer]"]]>
              </value>
            </param>
          </params>
          <reporter-output>
          </reporter-output>
        </test-method> <!-- runScenario -->
        <test-method is-config="true" signature="tearDownClass()[pri:0, instance:com.TestRunner.MyRunner@5f8e8a9d]" started-at="2023-02-25T10:32:42Z" name="tearDownClass" finished-at="2023-02-25T10:32:42Z" duration-ms="372" status="PASS">
          <reporter-output>
          </reporter-output>
        </test-method> <!-- tearDownClass -->
      </class> <!-- com.TestRunner.MyRunner -->
    </test> <!-- Default test -->
  </suite> <!-- Default suite -->
</testng-results>
